<?xml version="1.0" encoding="UTF-8"?>
<testng-results skipped="0" failed="0" ignored="0" total="1" passed="1">
  <reporter-output>
  </reporter-output>
  <suite name="Default suite" duration-ms="4429" started-at="2018-08-13T13:42:15Z" finished-at="2018-08-13T13:42:19Z">
    <groups>
    </groups>
    <test name="Default test" duration-ms="4429" started-at="2018-08-13T13:42:15Z" finished-at="2018-08-13T13:42:19Z">
      <class name="ReadJsonObject">
        <test-method status="PASS" signature="test()[pri:0, instance:ReadJsonObject@1a968a59]" name="test" duration-ms="4374" started-at="2018-08-13T13:42:15Z" finished-at="2018-08-13T13:42:19Z">
          <reporter-output>
          </reporter-output>
        </test-method> <!-- test -->
      </class> <!-- ReadJsonObject -->
    </test> <!-- Default test -->
  </suite> <!-- Default suite -->
</testng-results>
